This is pdfTeX, Version 3.14159265-2.6-1.40.15 (TeX Live 2014) (preloaded format=pdflatex 2016.3.17)  2 MAY 2016 12:33
entering extended mode
 restricted \write18 enabled.
 %&-line parsing enabled.
**main.tex
(./main.tex
LaTeX2e <2011/06/27>
Babel <3.9k> and hyphenation patterns for 2 languages loaded.
(./common.tex (/usr/share/texlive/texmf-dist/tex/latex/base/report.cls
Document Class: report 2007/10/19 v1.4h Standard LaTeX document class
(/usr/share/texlive/texmf-dist/tex/latex/base/size10.clo
File: size10.clo 2007/10/19 v1.4h Standard LaTeX file (size option)
)
\c@part=\count79
\c@chapter=\count80
\c@section=\count81
\c@subsection=\count82
\c@subsubsection=\count83
\c@paragraph=\count84
\c@subparagraph=\count85
\c@figure=\count86
\c@table=\count87
\abovecaptionskip=\skip41
\belowcaptionskip=\skip42
\bibindent=\dimen102
)
(/usr/share/texlive/texmf-dist/tex/latex/base/inputenc.sty
Package: inputenc 2008/03/30 v1.1d Input encoding file
\inpenc@prehook=\toks14
\inpenc@posthook=\toks15

(/usr/share/texlive/texmf-dist/tex/latex/base/utf8.def
File: utf8.def 2008/04/05 v1.1m UTF-8 support for inputenc
Now handling font encoding OML ...
... no UTF-8 mapping file for font encoding OML
Now handling font encoding T1 ...
... processing UTF-8 mapping file for font encoding T1

(/usr/share/texlive/texmf-dist/tex/latex/base/t1enc.dfu
File: t1enc.dfu 2008/04/05 v1.1m UTF-8 support for inputenc
   defining Unicode char U+00A1 (decimal 161)
   defining Unicode char U+00A3 (decimal 163)
   defining Unicode char U+00AB (decimal 171)
   defining Unicode char U+00BB (decimal 187)
   defining Unicode char U+00BF (decimal 191)
   defining Unicode char U+00C0 (decimal 192)
   defining Unicode char U+00C1 (decimal 193)
   defining Unicode char U+00C2 (decimal 194)
   defining Unicode char U+00C3 (decimal 195)
   defining Unicode char U+00C4 (decimal 196)
   defining Unicode char U+00C5 (decimal 197)
   defining Unicode char U+00C6 (decimal 198)
   defining Unicode char U+00C7 (decimal 199)
   defining Unicode char U+00C8 (decimal 200)
   defining Unicode char U+00C9 (decimal 201)
   defining Unicode char U+00CA (decimal 202)
   defining Unicode char U+00CB (decimal 203)
   defining Unicode char U+00CC (decimal 204)
   defining Unicode char U+00CD (decimal 205)
   defining Unicode char U+00CE (decimal 206)
   defining Unicode char U+00CF (decimal 207)
   defining Unicode char U+00D0 (decimal 208)
   defining Unicode char U+00D1 (decimal 209)
   defining Unicode char U+00D2 (decimal 210)
   defining Unicode char U+00D3 (decimal 211)
   defining Unicode char U+00D4 (decimal 212)
   defining Unicode char U+00D5 (decimal 213)
   defining Unicode char U+00D6 (decimal 214)
   defining Unicode char U+00D8 (decimal 216)
   defining Unicode char U+00D9 (decimal 217)
   defining Unicode char U+00DA (decimal 218)
   defining Unicode char U+00DB (decimal 219)
   defining Unicode char U+00DC (decimal 220)
   defining Unicode char U+00DD (decimal 221)
   defining Unicode char U+00DE (decimal 222)
   defining Unicode char U+00DF (decimal 223)
   defining Unicode char U+00E0 (decimal 224)
   defining Unicode char U+00E1 (decimal 225)
   defining Unicode char U+00E2 (decimal 226)
   defining Unicode char U+00E3 (decimal 227)
   defining Unicode char U+00E4 (decimal 228)
   defining Unicode char U+00E5 (decimal 229)
   defining Unicode char U+00E6 (decimal 230)
   defining Unicode char U+00E7 (decimal 231)
   defining Unicode char U+00E8 (decimal 232)
   defining Unicode char U+00E9 (decimal 233)
   defining Unicode char U+00EA (decimal 234)
   defining Unicode char U+00EB (decimal 235)
   defining Unicode char U+00EC (decimal 236)
   defining Unicode char U+00ED (decimal 237)
   defining Unicode char U+00EE (decimal 238)
   defining Unicode char U+00EF (decimal 239)
   defining Unicode char U+00F0 (decimal 240)
   defining Unicode char U+00F1 (decimal 241)
   defining Unicode char U+00F2 (decimal 242)
   defining Unicode char U+00F3 (decimal 243)
   defining Unicode char U+00F4 (decimal 244)
   defining Unicode char U+00F5 (decimal 245)
   defining Unicode char U+00F6 (decimal 246)
   defining Unicode char U+00F8 (decimal 248)
   defining Unicode char U+00F9 (decimal 249)
   defining Unicode char U+00FA (decimal 250)
   defining Unicode char U+00FB (decimal 251)
   defining Unicode char U+00FC (decimal 252)
   defining Unicode char U+00FD (decimal 253)
   defining Unicode char U+00FE (decimal 254)
   defining Unicode char U+00FF (decimal 255)
   defining Unicode char U+0102 (decimal 258)
   defining Unicode char U+0103 (decimal 259)
   defining Unicode char U+0104 (decimal 260)
   defining Unicode char U+0105 (decimal 261)
   defining Unicode char U+0106 (decimal 262)
   defining Unicode char U+0107 (decimal 263)
   defining Unicode char U+010C (decimal 268)
   defining Unicode char U+010D (decimal 269)
   defining Unicode char U+010E (decimal 270)
   defining Unicode char U+010F (decimal 271)
   defining Unicode char U+0110 (decimal 272)
   defining Unicode char U+0111 (decimal 273)
   defining Unicode char U+0118 (decimal 280)
   defining Unicode char U+0119 (decimal 281)
   defining Unicode char U+011A (decimal 282)
   defining Unicode char U+011B (decimal 283)
   defining Unicode char U+011E (decimal 286)
   defining Unicode char U+011F (decimal 287)
   defining Unicode char U+0130 (decimal 304)
   defining Unicode char U+0131 (decimal 305)
   defining Unicode char U+0132 (decimal 306)
   defining Unicode char U+0133 (decimal 307)
   defining Unicode char U+0139 (decimal 313)
   defining Unicode char U+013A (decimal 314)
   defining Unicode char U+013D (decimal 317)
   defining Unicode char U+013E (decimal 318)
   defining Unicode char U+0141 (decimal 321)
   defining Unicode char U+0142 (decimal 322)
   defining Unicode char U+0143 (decimal 323)
   defining Unicode char U+0144 (decimal 324)
   defining Unicode char U+0147 (decimal 327)
   defining Unicode char U+0148 (decimal 328)
   defining Unicode char U+014A (decimal 330)
   defining Unicode char U+014B (decimal 331)
   defining Unicode char U+0150 (decimal 336)
   defining Unicode char U+0151 (decimal 337)
   defining Unicode char U+0152 (decimal 338)
   defining Unicode char U+0153 (decimal 339)
   defining Unicode char U+0154 (decimal 340)
   defining Unicode char U+0155 (decimal 341)
   defining Unicode char U+0158 (decimal 344)
   defining Unicode char U+0159 (decimal 345)
   defining Unicode char U+015A (decimal 346)
   defining Unicode char U+015B (decimal 347)
   defining Unicode char U+015E (decimal 350)
   defining Unicode char U+015F (decimal 351)
   defining Unicode char U+0160 (decimal 352)
   defining Unicode char U+0161 (decimal 353)
   defining Unicode char U+0162 (decimal 354)
   defining Unicode char U+0163 (decimal 355)
   defining Unicode char U+0164 (decimal 356)
   defining Unicode char U+0165 (decimal 357)
   defining Unicode char U+016E (decimal 366)
   defining Unicode char U+016F (decimal 367)
   defining Unicode char U+0170 (decimal 368)
   defining Unicode char U+0171 (decimal 369)
   defining Unicode char U+0178 (decimal 376)
   defining Unicode char U+0179 (decimal 377)
   defining Unicode char U+017A (decimal 378)
   defining Unicode char U+017B (decimal 379)
   defining Unicode char U+017C (decimal 380)
   defining Unicode char U+017D (decimal 381)
   defining Unicode char U+017E (decimal 382)
   defining Unicode char U+200C (decimal 8204)
   defining Unicode char U+2013 (decimal 8211)
   defining Unicode char U+2014 (decimal 8212)
   defining Unicode char U+2018 (decimal 8216)
   defining Unicode char U+2019 (decimal 8217)
   defining Unicode char U+201A (decimal 8218)
   defining Unicode char U+201C (decimal 8220)
   defining Unicode char U+201D (decimal 8221)
   defining Unicode char U+201E (decimal 8222)
   defining Unicode char U+2030 (decimal 8240)
   defining Unicode char U+2031 (decimal 8241)
   defining Unicode char U+2039 (decimal 8249)
   defining Unicode char U+203A (decimal 8250)
   defining Unicode char U+2423 (decimal 9251)
)
Now handling font encoding OT1 ...
... processing UTF-8 mapping file for font encoding OT1

(/usr/share/texlive/texmf-dist/tex/latex/base/ot1enc.dfu
File: ot1enc.dfu 2008/04/05 v1.1m UTF-8 support for inputenc
   defining Unicode char U+00A1 (decimal 161)
   defining Unicode char U+00A3 (decimal 163)
   defining Unicode char U+00B8 (decimal 184)
   defining Unicode char U+00BF (decimal 191)
   defining Unicode char U+00C5 (decimal 197)
   defining Unicode char U+00C6 (decimal 198)
   defining Unicode char U+00D8 (decimal 216)
   defining Unicode char U+00DF (decimal 223)
   defining Unicode char U+00E6 (decimal 230)
   defining Unicode char U+00EC (decimal 236)
   defining Unicode char U+00ED (decimal 237)
   defining Unicode char U+00EE (decimal 238)
   defining Unicode char U+00EF (decimal 239)
   defining Unicode char U+00F8 (decimal 248)
   defining Unicode char U+0131 (decimal 305)
   defining Unicode char U+0141 (decimal 321)
   defining Unicode char U+0142 (decimal 322)
   defining Unicode char U+0152 (decimal 338)
   defining Unicode char U+0153 (decimal 339)
   defining Unicode char U+2013 (decimal 8211)
   defining Unicode char U+2014 (decimal 8212)
   defining Unicode char U+2018 (decimal 8216)
   defining Unicode char U+2019 (decimal 8217)
   defining Unicode char U+201C (decimal 8220)
   defining Unicode char U+201D (decimal 8221)
)
Now handling font encoding OMS ...
... processing UTF-8 mapping file for font encoding OMS

(/usr/share/texlive/texmf-dist/tex/latex/base/omsenc.dfu
File: omsenc.dfu 2008/04/05 v1.1m UTF-8 support for inputenc
   defining Unicode char U+00A7 (decimal 167)
   defining Unicode char U+00B6 (decimal 182)
   defining Unicode char U+00B7 (decimal 183)
   defining Unicode char U+2020 (decimal 8224)
   defining Unicode char U+2021 (decimal 8225)
   defining Unicode char U+2022 (decimal 8226)
)
Now handling font encoding OMX ...
... no UTF-8 mapping file for font encoding OMX
Now handling font encoding U ...
... no UTF-8 mapping file for font encoding U
   defining Unicode char U+00A9 (decimal 169)
   defining Unicode char U+00AA (decimal 170)
   defining Unicode char U+00AE (decimal 174)
   defining Unicode char U+00BA (decimal 186)
   defining Unicode char U+02C6 (decimal 710)
   defining Unicode char U+02DC (decimal 732)
   defining Unicode char U+200C (decimal 8204)
   defining Unicode char U+2026 (decimal 8230)
   defining Unicode char U+2122 (decimal 8482)
   defining Unicode char U+2423 (decimal 9251)
))
(/usr/share/texlive/texmf-dist/tex/latex/listings/listings.sty
(/usr/share/texlive/texmf-dist/tex/latex/graphics/keyval.sty
Package: keyval 1999/03/16 v1.13 key=value parser (DPC)
\KV@toks@=\toks16
)
\lst@mode=\count88
\lst@gtempboxa=\box26
\lst@token=\toks17
\lst@length=\count89
\lst@currlwidth=\dimen103
\lst@column=\count90
\lst@pos=\count91
\lst@lostspace=\dimen104
\lst@width=\dimen105
\lst@newlines=\count92
\lst@lineno=\count93
\lst@maxwidth=\dimen106

(/usr/share/texlive/texmf-dist/tex/latex/listings/lstmisc.sty
File: lstmisc.sty 2014/03/04 1.5c (Carsten Heinz)
\c@lstnumber=\count94
\lst@skipnumbers=\count95
\lst@framebox=\box27
)
(/usr/share/texlive/texmf-dist/tex/latex/listings/listings.cfg
File: listings.cfg 2014/03/04 1.5c listings configuration
))
Package: listings 2014/03/04 1.5c (Carsten Heinz)

(/usr/share/texlive/texmf-dist/tex/generic/babel/babel.sty
Package: babel 2014/03/24 3.9k The Babel package

(/usr/share/texlive/texmf-dist/tex/generic/babel-italian/italian.ldf
Language: italian 2014/03/29 v1.3k Italian support from the babel system

(/usr/share/texlive/texmf-dist/tex/generic/babel/babel.def
File: babel.def 2014/03/24 3.9k Babel common definitions
\babel@savecnt=\count96
\U@D=\dimen107
)

Package babel Warning: No hyphenation patterns were preloaded for
(babel)                the language `Italian' into the format.
(babel)                Please, configure your TeX system to add them and
(babel)                rebuild the format. Now I will use the patterns
(babel)                preloaded for english instead on input line 26.

\l@italian = a dialect from \language0
\it@lettering=\count97
\it@doublequoteactive=\count98
\it@ISOcompliance=\count99
\Virgola=\count100
)) (/usr/share/texlive/texmf-dist/tex/latex/etoolbox/etoolbox.sty
Package: etoolbox 2011/01/03 v2.1 e-TeX tools for LaTeX

(/usr/share/texlive/texmf-dist/tex/latex/etex-pkg/etex.sty
Package: etex 1998/03/26 v2.0 eTeX basic definition package (PEB)
\et@xins=\count101
)
\etb@tempcnta=\count102
)
(/usr/share/texlive/texmf-dist/tex/latex/graphics/graphicx.sty
Package: graphicx 1999/02/16 v1.0f Enhanced LaTeX Graphics (DPC,SPQR)

(/usr/share/texlive/texmf-dist/tex/latex/graphics/graphics.sty
Package: graphics 2009/02/05 v1.0o Standard LaTeX Graphics (DPC,SPQR)

(/usr/share/texlive/texmf-dist/tex/latex/graphics/trig.sty
Package: trig 1999/03/16 v1.09 sin cos tan (DPC)
)
(/usr/share/texlive/texmf-dist/tex/latex/latexconfig/graphics.cfg
File: graphics.cfg 2010/04/23 v1.9 graphics configuration of TeX Live
)
Package graphics Info: Driver file: pdftex.def on input line 91.

(/usr/share/texlive/texmf-dist/tex/latex/pdftex-def/pdftex.def
File: pdftex.def 2011/05/27 v0.06d Graphics/color for pdfTeX

(/usr/share/texlive/texmf-dist/tex/generic/oberdiek/infwarerr.sty
Package: infwarerr 2010/04/08 v1.3 Providing info/warning/error messages (HO)
)
(/usr/share/texlive/texmf-dist/tex/generic/oberdiek/ltxcmds.sty
Package: ltxcmds 2011/11/09 v1.22 LaTeX kernel commands for general use (HO)
)
\Gread@gobject=\count103
))
\Gin@req@height=\dimen108
\Gin@req@width=\dimen109
)
(/usr/share/texlive/texmf-dist/tex/latex/algorithms/algorithm.sty
Package: algorithm 2009/08/24 v0.1 Document Style `algorithm' - floating enviro
nment

(/usr/share/texlive/texmf-dist/tex/latex/float/float.sty
Package: float 2001/11/08 v1.3d Float enhancements (AL)
\c@float@type=\count104
\float@exts=\toks18
\float@box=\box28
\@float@everytoks=\toks19
\@floatcapt=\box29
)
(/usr/share/texlive/texmf-dist/tex/latex/base/ifthen.sty
Package: ifthen 2001/05/26 v1.1c Standard LaTeX ifthen package (DPC)
)
\@float@every@algorithm=\toks20
\c@algorithm=\count105
)
(/usr/share/texlive/texmf-dist/tex/latex/algorithmicx/algpseudocode.sty
Package: algpseudocode 

(/usr/share/texlive/texmf-dist/tex/latex/algorithmicx/algorithmicx.sty
Package: algorithmicx 2005/04/27 v1.2 Algorithmicx

Document Style algorithmicx 1.2 - a greatly improved `algorithmic' style
\c@ALG@line=\count106
\c@ALG@rem=\count107
\c@ALG@nested=\count108
\ALG@tlm=\skip43
\ALG@thistlm=\skip44
\c@ALG@Lnr=\count109
\c@ALG@blocknr=\count110
\c@ALG@storecount=\count111
\c@ALG@tmpcounter=\count112
\ALG@tmplength=\skip45
)
Document Style - pseudocode environments for use with the `algorithmicx' style
)) (./main.aux)
\openout1 = `main.aux'.

LaTeX Font Info:    Checking defaults for OML/cmm/m/it on input line 7.
LaTeX Font Info:    ... okay on input line 7.
LaTeX Font Info:    Checking defaults for T1/cmr/m/n on input line 7.
LaTeX Font Info:    ... okay on input line 7.
LaTeX Font Info:    Checking defaults for OT1/cmr/m/n on input line 7.
LaTeX Font Info:    ... okay on input line 7.
LaTeX Font Info:    Checking defaults for OMS/cmsy/m/n on input line 7.
LaTeX Font Info:    ... okay on input line 7.
LaTeX Font Info:    Checking defaults for OMX/cmex/m/n on input line 7.
LaTeX Font Info:    ... okay on input line 7.
LaTeX Font Info:    Checking defaults for U/cmr/m/n on input line 7.
LaTeX Font Info:    ... okay on input line 7.
\c@lstlisting=\count113
LaTeX Info: Redefining \it@ocap on input line 7.
LaTeX Info: Redefining \it@ccap on input line 7.


File italian.ldf warning: 
italian.ldf    With OT1 encoding guillemets are poorly faked
italian.ldf    Use T1 encoding
italian.ldf    or specify a font with command \CaporaliFrom
italian.ldf    See the documentation concerning the babel-italian typesetting 
italian.ldf    on input line 7.

(/usr/share/texlive/texmf-dist/tex/context/base/supp-pdf.mkii
[Loading MPS to PDF converter (version 2006.09.02).]
\scratchcounter=\count114
\scratchdimen=\dimen110
\scratchbox=\box30
\nofMPsegments=\count115
\nofMParguments=\count116
\everyMPshowfont=\toks21
\MPscratchCnt=\count117
\MPscratchDim=\dimen111
\MPnumerator=\count118
\makeMPintoPDFobject=\count119
\everyMPtoPDFconversion=\toks22
) (/usr/share/texlive/texmf-dist/tex/generic/oberdiek/pdftexcmds.sty
Package: pdftexcmds 2011/11/29 v0.20 Utility functions of pdfTeX for LuaTeX (HO
)

(/usr/share/texlive/texmf-dist/tex/generic/oberdiek/ifluatex.sty
Package: ifluatex 2010/03/01 v1.3 Provides the ifluatex switch (HO)
Package ifluatex Info: LuaTeX not detected.
)
(/usr/share/texlive/texmf-dist/tex/generic/oberdiek/ifpdf.sty
Package: ifpdf 2011/01/30 v2.3 Provides the ifpdf switch (HO)
Package ifpdf Info: pdfTeX in PDF mode is detected.
)
Package pdftexcmds Info: LuaTeX not detected.
Package pdftexcmds Info: \pdf@primitive is available.
Package pdftexcmds Info: \pdf@ifprimitive is available.
Package pdftexcmds Info: \pdfdraftmode found.
)
(/usr/share/texlive/texmf-dist/tex/latex/oberdiek/epstopdf-base.sty
Package: epstopdf-base 2010/02/09 v2.5 Base part for package epstopdf

(/usr/share/texlive/texmf-dist/tex/latex/oberdiek/grfext.sty
Package: grfext 2010/08/19 v1.1 Manage graphics extensions (HO)

(/usr/share/texlive/texmf-dist/tex/generic/oberdiek/kvdefinekeys.sty
Package: kvdefinekeys 2011/04/07 v1.3 Define keys (HO)
))
(/usr/share/texlive/texmf-dist/tex/latex/oberdiek/kvoptions.sty
Package: kvoptions 2011/06/30 v3.11 Key value format for package options (HO)

(/usr/share/texlive/texmf-dist/tex/generic/oberdiek/kvsetkeys.sty
Package: kvsetkeys 2012/04/25 v1.16 Key value parser (HO)

(/usr/share/texlive/texmf-dist/tex/generic/oberdiek/etexcmds.sty
Package: etexcmds 2011/02/16 v1.5 Avoid name clashes with e-TeX commands (HO)
Package etexcmds Info: Could not find \expanded.
(etexcmds)             That can mean that you are not using pdfTeX 1.50 or
(etexcmds)             that some package has redefined \expanded.
(etexcmds)             In the latter case, load this package earlier.
)))
Package grfext Info: Graphics extension search list:
(grfext)             [.png,.pdf,.jpg,.mps,.jpeg,.jbig2,.jb2,.PNG,.PDF,.JPG,.JPE
G,.JBIG2,.JB2,.eps]
(grfext)             \AppendGraphicsExtensions on input line 452.

(/usr/share/texlive/texmf-dist/tex/latex/latexconfig/epstopdf-sys.cfg
File: epstopdf-sys.cfg 2010/07/13 v1.3 Configuration of (r)epstopdf for TeX Liv
e
))
LaTeX Font Info:    External font `cmex10' loaded for size
(Font)              <12> on input line 9.
LaTeX Font Info:    External font `cmex10' loaded for size
(Font)              <8> on input line 9.
LaTeX Font Info:    External font `cmex10' loaded for size
(Font)              <6> on input line 9.

[1

{/usr/share/texlive/texmf-dist/fonts/map/pdftex/updmap/pdftex.map}]
(./main.toc
LaTeX Font Info:    External font `cmex10' loaded for size
(Font)              <7> on input line 4.
LaTeX Font Info:    External font `cmex10' loaded for size
(Font)              <5> on input line 4.
 [1

] [2] [3])
\tf@toc=\write3
\openout3 = `main.toc'.

 [4]
Capitolo 1.
(./chapter01.tex
LaTeX Font Info:    Try loading font information for OMS+cmr on input line 15.
 (/usr/share/texlive/texmf-dist/tex/latex/base/omscmr.fd
File: omscmr.fd 1999/05/25 v2.5h Standard LaTeX font definitions
)
LaTeX Font Info:    Font shape `OMS/cmr/m/n' in size <10> not available
(Font)              Font shape `OMS/cmsy/m/n' tried instead on input line 15.

[5

] [6]
Overfull \hbox (4.72243pt too wide) in paragraph at lines 64--65
\OT1/cmr/bx/n/10 ESEMPIO\OT1/cmr/m/n/10 . Vogliamo ri-cavar-ci il tem-po nec-es
-sario per trasmet-tere 640.000
 []

[7]
Underfull \hbox (badness 10000) in paragraph at lines 74--77

 []

[8] [9]
Overfull \hbox (12.92009pt too wide) in paragraph at lines 155--157
\OT1/cmr/m/n/10 Collegamenti ot-ti-ci dal \OT1/cmr/m/it/10 cen-tral of-fice \OT
1/cmr/m/n/10 al-l'abitazione. Rag-giunge dis-tanze lunghissime
 []

[10]
Overfull \hbox (88.15408pt too wide) in paragraph at lines 184--195
 [] 
 []

[11] [12]) [13]
Capitolo 2.
(./chapter02.tex [14

] [15]) [16]
Capitolo 3.
(./chapter03.tex [17

] [18]
Underfull \hbox (badness 10000) in paragraph at lines 68--69

 []

[19] [20] [21] [22]
Underfull \hbox (badness 10000) in paragraph at lines 190--192

 []

[23]
Underfull \hbox (badness 10000) in paragraph at lines 207--208

 []

[24] [25] [26]
Underfull \hbox (badness 8113) in paragraph at lines 297--298
 \OT1/cmr/bx/n/10 sock-et()[] \OT1/cmr/m/n/10 Defini-to nel-la pag-i-na
 []


Underfull \hbox (badness 10000) in paragraph at lines 300--302
 \OT1/cmr/bx/n/10 bind(\OT1/cmr/bx/it/10 address\OT1/cmr/bx/n/10 )[] \OT1/cmr/m
/it/10 ad-dress \OT1/cmr/m/n/10 rap-p-re-
 []


Underfull \hbox (badness 1990) in paragraph at lines 300--302
\OT1/cmr/m/n/10 se fos-se \OT1/cmr/m/it/10 lo-cal-host\OT1/cmr/m/n/10 , lo si f
arebbe
 []


Underfull \hbox (badness 5637) in paragraph at lines 313--314
 \OT1/cmr/bx/n/10 recv(\OT1/cmr/bx/it/10 bufsize[, flags]\OT1/cmr/bx/n/10 )[] \
OT1/cmr/m/n/10 Ri-tor-na
 []


Underfull \hbox (badness 8113) in paragraph at lines 321--322
 \OT1/cmr/bx/n/10 sock-et()[] \OT1/cmr/m/n/10 Defini-to nel-la pag-i-na
 []


Underfull \hbox (badness 10000) in paragraph at lines 323--326
 \OT1/cmr/bx/n/10 con-nect(address)[] \OT1/cmr/m/n/10 Si con-nette
 []


Underfull \hbox (badness 1331) in paragraph at lines 323--326
\OT1/cmr/m/n/10 ^^Re uti-liz-za-to un sock-et TCP, co-
 []


Underfull \hbox (badness 10000) in paragraph at lines 331--332
[]\OT1/cmr/m/n/10 I dati sono parzial-mente
 []


Underfull \hbox (badness 3343) in paragraph at lines 331--332
\OT1/cmr/m/n/10 in-viati (buffer parzial-mente
 []


Underfull \hbox (badness 10000) in paragraph at lines 331--332
\OT1/cmr/m/n/10 ef-fet-ti-va-mente in-vi-a-ta (il
 []


Underfull \hbox (badness 2922) in paragraph at lines 332--333
[]\OT1/cmr/m/n/10 I dati non pos-sono es-sere
 []

[27] [28] [29]) [30]
Capitolo 4.
(./chapter04.tex
Underfull \hbox (badness 10000) in paragraph at lines 12--13

 []

[31

]
Underfull \hbox (badness 10000) in paragraph at lines 17--19

 []

[32] <res/fsm.jpg, id=119, 355.3275pt x 285.065pt>
File: res/fsm.jpg Graphic file (type jpg)
 <use res/fsm.jpg>
Package pdftex.def Info: res/fsm.jpg used on input line 34.
(pdftex.def)             Requested size: 241.49895pt x 193.75029pt.

<res/fsm-rdt-10.jpg, id=120, 559.08875pt x 132.495pt>
File: res/fsm-rdt-10.jpg Graphic file (type jpg)
 <use res/fsm-rdt-10.jpg>
Package pdftex.def Info: res/fsm-rdt-10.jpg used on input line 44.
(pdftex.def)             Requested size: 241.49895pt x 57.2305pt.

[33 <./res/fsm.jpg> <./res/fsm-rdt-10.jpg>]
<res/fsm-rdt-20.jpg, id=124, 531.9875pt x 332.24126pt>
File: res/fsm-rdt-20.jpg Graphic file (type jpg)

<use res/fsm-rdt-20.jpg>
Package pdftex.def Info: res/fsm-rdt-20.jpg used on input line 55.
(pdftex.def)             Requested size: 241.49895pt x 150.82019pt.

<res/fsm-rdt-21-sender.jpg, id=125, 437.635pt x 289.08pt>
File: res/fsm-rdt-21-sender.jpg Graphic file (type jpg)

<use res/fsm-rdt-21-sender.jpg>
Package pdftex.def Info: res/fsm-rdt-21-sender.jpg used on input line 64.
(pdftex.def)             Requested size: 138.00052pt x 91.15771pt.

<res/fsm-rdt-21-receiver.jpg, id=126, 512.91624pt x 299.1175pt>
File: res/fsm-rdt-21-receiver.jpg Graphic file (type jpg)

<use res/fsm-rdt-21-receiver.jpg>
Package pdftex.def Info: res/fsm-rdt-21-receiver.jpg used on input line 69.
(pdftex.def)             Requested size: 138.00052pt x 80.47525pt.

Overfull \hbox (2.22221pt too wide) in paragraph at lines 60--72
[] [] 
 []

[34 <./res/fsm-rdt-20.jpg> <./res/fsm-rdt-21-sender.jpg> <./res/fsm-rdt-21-rece
iver.jpg>] <res/fsm-rdt-22.jpg, id=130, 513.92pt x 323.2075pt>
File: res/fsm-rdt-22.jpg Graphic file (type jpg)

<use res/fsm-rdt-22.jpg>
Package pdftex.def Info: res/fsm-rdt-22.jpg used on input line 78.
(pdftex.def)             Requested size: 241.49895pt x 151.88289pt.
 [35 <./res/fsm-rdt-22.jpg>]
Underfull \hbox (badness 10000) in paragraph at lines 97--99

 []

[36]
Underfull \hbox (badness 10000) in paragraph at lines 135--136

 []


Underfull \hbox (badness 10000) in paragraph at lines 139--140

 []

[37] [38] [39] [40]
Underfull \hbox (badness 10000) in paragraph at lines 218--226

 []


Underfull \hbox (badness 10000) in paragraph at lines 228--234

 []


Overfull \hbox (1.77873pt too wide) in paragraph at lines 245--246
 \OT1/cmr/bx/n/10 End-End Con-ges-tion Con-trol.[] \OT1/cmr/m/n/10 Questo mec-c
a-n-is-mo di con-trol-lo non prevede
 []


Overfull \hbox (2.8062pt too wide) in paragraph at lines 246--248
\OT1/cmr/m/n/10 end-systems tramite un sin-go-lo bit in-di-cante il tipo di con
-ges-tione (SNA, DECbit,
 []


Underfull \hbox (badness 10000) in paragraph at lines 246--248

 []

[41]) [42]
Capitolo 5.
(./chapter05.tex
Underfull \hbox (badness 10000) in paragraph at lines 7--8

 []


Underfull \hbox (badness 10000) in paragraph at lines 7--8

 []

[43

]
Underfull \hbox (badness 10000) in paragraph at lines 35--37

 []


Overfull \hbox (0.9634pt too wide) in paragraph at lines 42--43
 \OT1/cmr/bx/n/10 Es-em-pio.[] \OT1/cmr/m/n/10 Ho una se-quen-za: \OT1/cmr/m/it
/10 11001000 00010111 00010110 10100001\OT1/cmr/m/n/10 . Leggen-
 []


Underfull \hbox (badness 10000) in paragraph at lines 42--43

 []

[44] [45]
Overfull \hbox (0.39343pt too wide) in paragraph at lines 70--71
[]\OT1/cmr/m/it/10 options\OT1/cmr/m/n/10 : cam-po opzionale, utile per trac-ci
a-re, ot-tenere in-for-mazioni riguar-
 []


Underfull \hbox (badness 10000) in paragraph at lines 86--87

 []

[46] [47] [48]
Underfull \hbox (badness 10000) in paragraph at lines 212--222

 []


Underfull \hbox (badness 10000) in paragraph at lines 212--222

 []

[49]
Underfull \hbox (badness 10000) in paragraph at lines 223--228

 []


Underfull \hbox (badness 10000) in paragraph at lines 223--228

 []

[50] [51]
Underfull \hbox (badness 10000) in paragraph at lines 264--266

 []

[52] [53] [54]) [55]
Capitolo 6.
(./chapter06.tex
Overfull \hbox (1.82248pt too wide) in paragraph at lines 9--13
\OT1/cmr/m/n/10 Possono es-sere poi uti-liz-za-ti degli ap-proc-ci meno gener-i
-ci, come il sis-tema \OT1/cmr/m/it/10 Manch-
 []

[56

] [57]
Overfull \hbox (0.2506pt too wide) in paragraph at lines 51--52
\OT1/cmr/m/n/10 Sicuramente si trat-ta in en-tram-bi i casi di una di-vi-sione 
equa, una soluzione
 []


Overfull \hbox (0.20558pt too wide) in paragraph at lines 54--55
[]\OT1/cmr/m/it/10 Slotted ALO-HA\OT1/cmr/m/n/10 : la trasmis-sione viene di-vi
sa in frame di tem-po uguali,
 []

[58] [59] [60]
Underfull \hbox (badness 10000) in paragraph at lines 94--97

 []


Underfull \hbox (badness 10000) in paragraph at lines 97--101

 []

[61]
Underfull \hbox (badness 10000) in paragraph at lines 102--104

 []

[62]) [63]
Capitolo 7.
(./day_in_life.tex) [64

]
Capitolo 8.
(./chapter07.tex [65

] [66] [67]
Underfull \hbox (badness 10000) in paragraph at lines 81--83

 []

[68] [69]
Underfull \hbox (badness 10000) in paragraph at lines 114--121

 []


Underfull \hbox (badness 10000) in paragraph at lines 114--121

 []

[70]
Overfull \hbox (0.278pt too wide) in paragraph at lines 131--132
 \OT1/cmr/bx/n/10 Pro-to-col-li.[] \OT1/cmr/m/n/10 Al-l'in-ter-no di una ses-si
one ven-gono tipi-ca-mente uti-liz-za-ti i seguen-
 []

[71] [72]
Underfull \hbox (badness 10000) in paragraph at lines 162--163

 []


Underfull \hbox (badness 10000) in paragraph at lines 162--163

 []


Underfull \hbox (badness 10000) in paragraph at lines 174--175

 []


Underfull \hbox (badness 10000) in paragraph at lines 174--175

 []

[73] [74]) [75] (./main.aux) ) 
Here is how much of TeX's memory you used:
 4852 strings out of 495025
 64557 string characters out of 6181515
 192082 words of memory out of 5000000
 7968 multiletter control sequences out of 15000+600000
 10640 words of font info for 37 fonts, out of 8000000 for 9000
 14 hyphenation exceptions out of 8191
 37i,8n,32p,1086b,1589s stack positions out of 5000i,500n,10000p,200000b,80000s
</usr/share/texlive/texmf-dist/fonts/type1/public
/amsfonts/cm/cmbx10.pfb></usr/share/texlive/texmf-dist/fonts/type1/public/amsfo
nts/cm/cmbx12.pfb></usr/share/texlive/texmf-dist/fonts/type1/public/amsfonts/cm
/cmbxti10.pfb></usr/share/texlive/texmf-dist/fonts/type1/public/amsfonts/cm/cmc
sc10.pfb></usr/share/texlive/texmf-dist/fonts/type1/public/amsfonts/cm/cmmi10.p
fb></usr/share/texlive/texmf-dist/fonts/type1/public/amsfonts/cm/cmmi5.pfb></us
r/share/texlive/texmf-dist/fonts/type1/public/amsfonts/cm/cmmi7.pfb></usr/share
/texlive/texmf-dist/fonts/type1/public/amsfonts/cm/cmr10.pfb></usr/share/texliv
e/texmf-dist/fonts/type1/public/amsfonts/cm/cmr12.pfb></usr/share/texlive/texmf
-dist/fonts/type1/public/amsfonts/cm/cmr17.pfb></usr/share/texlive/texmf-dist/f
onts/type1/public/amsfonts/cm/cmr5.pfb></usr/share/texlive/texmf-dist/fonts/typ
e1/public/amsfonts/cm/cmr6.pfb></usr/share/texlive/texmf-dist/fonts/type1/publi
c/amsfonts/cm/cmr7.pfb></usr/share/texlive/texmf-dist/fonts/type1/public/amsfon
ts/cm/cmr8.pfb></usr/share/texlive/texmf-dist/fonts/type1/public/amsfonts/cm/cm
sy10.pfb></usr/share/texlive/texmf-dist/fonts/type1/public/amsfonts/cm/cmsy7.pf
b></usr/share/texlive/texmf-dist/fonts/type1/public/amsfonts/cm/cmti10.pfb></us
r/share/texlive/texmf-dist/fonts/type1/public/amsfonts/cm/cmtt8.pfb>
Output written on main.pdf (76 pages, 693760 bytes).
PDF statistics:
 329 PDF objects out of 1000 (max. 8388607)
 224 compressed objects within 3 object streams
 0 named destinations out of 1000 (max. 500000)
 31 words of extra memory for PDF output out of 10000 (max. 10000000)

